<?xml version="1.0"?><testsuites><testsuite errors="0" failures="0" name="Elixir.LocaleSetterTest" tests="7" time="0.0189"><properties><property name="date" value="2019-11-11T17:12:58.894121Z"/><property name="seed" value="821966"/></properties><testcase classname="Elixir.LocaleSetterTest" name="test when setting the loacle through the accept-lanugage header invalid header is ignored" time="0.0039"/><testcase classname="Elixir.LocaleSetterTest" name="test no header and no parameter results in default locale" time="0.0017"/><testcase classname="Elixir.LocaleSetterTest" name="test when setting the loacle through the accept-lanugage header header: 'de-US;q=0.8, de-DE, it;q=0.91' works" time="0.0016"/><testcase classname="Elixir.LocaleSetterTest" name="test when setting the loacle through the accept-lanugage header header: 'de-CH, en;q=0.9, it;q=0.4' works" time="0.0016"/><testcase classname="Elixir.LocaleSetterTest" name="test when setting the loacle through the accept-lanugage header header: 'de-CH;q=0.8, en;q=0.9, it;q=0.91' works" time="0.0049"/><testcase classname="Elixir.LocaleSetterTest" name="test when setting the loacle through the accept-lanugage header header: 'de' works" time="0.0018"/><testcase classname="Elixir.LocaleSetterTest" name="test setting locale through request parameters works" time="0.0035"/></testsuite><testsuite errors="0" failures="0" name="Elixir.Smoodle.MailerTest" tests="2" time="0.0008"><properties><property name="date" value="2019-11-11T17:12:58.894121Z"/><property name="seed" value="821966"/></properties><testcase classname="Elixir.Smoodle.MailerTest" name="test mailer sends email and set ttl" time="0.0003"/><testcase classname="Elixir.Smoodle.MailerTest" name="test mailer sends only up to the maximum number of emails in the bucket and sends again after the cache key as expired" time="0.0005"/></testsuite><testsuite errors="0" failures="0" name="Elixir.Smoodle.Scheduler.DateRankTest" tests="6" time="0.0002"><properties><property name="date" value="2019-11-11T17:12:58.894121Z"/><property name="seed" value="821966"/></properties><testcase classname="Elixir.Smoodle.Scheduler.DateRankTest" name="test date rank is invalid with a date_from later than date_to" time="0.0000"/><testcase classname="Elixir.Smoodle.Scheduler.DateRankTest" name="test date rank is valid with date_from equal to date_to" time="0.0000"/><testcase classname="Elixir.Smoodle.Scheduler.DateRankTest" name="test date rank is invalid with 0 rank" time="0.0000"/><testcase classname="Elixir.Smoodle.Scheduler.DateRankTest" name="test date rank is invalid without a date" time="0.0000"/><testcase classname="Elixir.Smoodle.Scheduler.DateRankTest" name="test date rank is invalid without rank" time="0.0000"/><testcase classname="Elixir.Smoodle.Scheduler.DateRankTest" name="test date rank is valid with valid data" time="0.0000"/></testsuite><testsuite errors="0" failures="0" name="Elixir.Smoodle.Scheduler.EventDateTest" tests="6" time="0.0002"><properties><property name="date" value="2019-11-11T17:12:58.894121Z"/><property name="seed" value="821966"/></properties><testcase classname="Elixir.Smoodle.Scheduler.EventDateTest" name="test date rank is invalid with a date_from later than date_to" time="0.0001"/><testcase classname="Elixir.Smoodle.Scheduler.EventDateTest" name="test date rank is valid with date_from equal to date_to" time="0.0000"/><testcase classname="Elixir.Smoodle.Scheduler.EventDateTest" name="test date rank is invalid without a non-negative rank" time="0.0000"/><testcase classname="Elixir.Smoodle.Scheduler.EventDateTest" name="test date rank is invalid without a date" time="0.0000"/><testcase classname="Elixir.Smoodle.Scheduler.EventDateTest" name="test date rank is invalid without a rank" time="0.0000"/><testcase classname="Elixir.Smoodle.Scheduler.EventDateTest" name="test date rank is valid with valid data" time="0.0000"/></testsuite><testsuite errors="0" failures="0" name="Elixir.Smoodle.Scheduler.EventTest" tests="40" time="0.0088"><properties><property name="date" value="2019-11-11T17:12:58.894121Z"/><property name="seed" value="821966"/></properties><testcase classname="Elixir.Smoodle.Scheduler.EventTest" name="test canceled event is valid even with empty domain" time="0.0001"/><testcase classname="Elixir.Smoodle.Scheduler.EventTest" name="test changeset ignores id" time="0.0003"/><testcase classname="Elixir.Smoodle.Scheduler.EventTest" name="test organizer_message is not cleared if state is not open" time="0.0003"/><testcase classname="Elixir.Smoodle.Scheduler.EventTest" name="doctest Smoodle.Scheduler.Event.domain/1 (4)" time="0.0000"/><testcase classname="Elixir.Smoodle.Scheduler.EventTest" name="test changeset removes trailing and leading spaces" time="0.0003"/><testcase classname="Elixir.Smoodle.Scheduler.EventTest" name="test changeset with organizer_message too long" time="0.0003"/><testcase classname="Elixir.Smoodle.Scheduler.EventTest" name="test validate event cannot be scheduled in the past" time="0.0002"/><testcase classname="Elixir.Smoodle.Scheduler.EventTest" name="test changeset without email" time="0.0002"/><testcase classname="Elixir.Smoodle.Scheduler.EventTest" name="doctest Smoodle.Scheduler.Event.date_range/1 (1)" time="0.0000"/><testcase classname="Elixir.Smoodle.Scheduler.EventTest" name="test changeset without name" time="0.0002"/><testcase classname="Elixir.Smoodle.Scheduler.EventTest" name="test changeset without email confirmation" time="0.0002"/><testcase classname="Elixir.Smoodle.Scheduler.EventTest" name="test changeset with valid state" time="0.0002"/><testcase classname="Elixir.Smoodle.Scheduler.EventTest" name="test changeset with valid attrs" time="0.0002"/><testcase classname="Elixir.Smoodle.Scheduler.EventTest" name="test scheduled fields cleared if state is not scheduled" time="0.0003"/><testcase classname="Elixir.Smoodle.Scheduler.EventTest" name="doctest Smoodle.Scheduler.Event.domain/1 (5)" time="0.0000"/><testcase classname="Elixir.Smoodle.Scheduler.EventTest" name="test validate weekday duplicates" time="0.0003"/><testcase classname="Elixir.Smoodle.Scheduler.EventTest" name="test changeset with description too long" time="0.0003"/><testcase classname="Elixir.Smoodle.Scheduler.EventTest" name="test validate at least one weekday enabled" time="0.0005"/><testcase classname="Elixir.Smoodle.Scheduler.EventTest" name="doctest Smoodle.Scheduler.Event.domain/1 (2)" time="0.0001"/><testcase classname="Elixir.Smoodle.Scheduler.EventTest" name="test changeset with invalid state" time="0.0003"/><testcase classname="Elixir.Smoodle.Scheduler.EventTest" name="test scheduled event is valid even with empty domain" time="0.0001"/><testcase classname="Elixir.Smoodle.Scheduler.EventTest" name="test scheduled fields required if state is scheduled" time="0.0002"/><testcase classname="Elixir.Smoodle.Scheduler.EventTest" name="test validate both scheduled ends must be consistent" time="0.0002"/><testcase classname="Elixir.Smoodle.Scheduler.EventTest" name="doctest Smoodle.Scheduler.Event.domain/1 (6)" time="0.0000"/><testcase classname="Elixir.Smoodle.Scheduler.EventTest" name="test changeset without organizer" time="0.0002"/><testcase classname="Elixir.Smoodle.Scheduler.EventTest" name="test changeset with invalid email" time="0.0002"/><testcase classname="Elixir.Smoodle.Scheduler.EventTest" name="test validate possible_dates has length > 0" time="0.0002"/><testcase classname="Elixir.Smoodle.Scheduler.EventTest" name="test changeset with organizer too long" time="0.0002"/><testcase classname="Elixir.Smoodle.Scheduler.EventTest" name="doctest Smoodle.Scheduler.Event.domain/1 (3)" time="0.0001"/><testcase classname="Elixir.Smoodle.Scheduler.EventTest" name="test changeset with wrong email confirmation" time="0.0002"/><testcase classname="Elixir.Smoodle.Scheduler.EventTest" name="test validate domain non empty" time="0.0001"/><testcase classname="Elixir.Smoodle.Scheduler.EventTest" name="test validate empty weekdays accepted" time="0.0003"/><testcase classname="Elixir.Smoodle.Scheduler.EventTest" name="test changeset with name too long" time="0.0002"/><testcase classname="Elixir.Smoodle.Scheduler.EventTest" name="test validate possible_dates is present" time="0.0002"/><testcase classname="Elixir.Smoodle.Scheduler.EventTest" name="test organizer_message is cleared if state is open" time="0.0004"/><testcase classname="Elixir.Smoodle.Scheduler.EventTest" name="test validate weekdays" time="0.0002"/><testcase classname="Elixir.Smoodle.Scheduler.EventTest" name="test validate time window can't be too large" time="0.0003"/><testcase classname="Elixir.Smoodle.Scheduler.EventTest" name="test validate possible_dates cannot overlap" time="0.0003"/><testcase classname="Elixir.Smoodle.Scheduler.EventTest" name="test changeset ignores secret" time="0.0004"/><testcase classname="Elixir.Smoodle.Scheduler.EventTest" name="test validate both scheduled ends must be defined" time="0.0003"/></testsuite><testsuite errors="0" failures="0" name="Elixir.Smoodle.Scheduler.PollTest" tests="15" time="0.0058"><properties><property name="date" value="2019-11-11T17:12:58.894121Z"/><property name="seed" value="821966"/></properties><testcase classname="Elixir.Smoodle.Scheduler.PollTest" name="test if the event domain is empty the poll is invalid" time="0.0002"/><testcase classname="Elixir.Smoodle.Scheduler.PollTest" name="test with date ranks inside the event time window the poll is valid" time="0.0003"/><testcase classname="Elixir.Smoodle.Scheduler.PollTest" name="test with valid date ranks the poll is valid" time="0.0003"/><testcase classname="Elixir.Smoodle.Scheduler.PollTest" name="test poll with basic data is valid" time="0.0003"/><testcase classname="Elixir.Smoodle.Scheduler.PollTest" name="test with invalid weekday_ranks poll is invalid with 0 weekday rank" time="0.0004"/><testcase classname="Elixir.Smoodle.Scheduler.PollTest" name="test with invalid weekday_ranks poll is invalid if a weekday is ranked more than once" time="0.0005"/><testcase classname="Elixir.Smoodle.Scheduler.PollTest" name="test if the event is no longer open the poll is invalid" time="0.0002"/><testcase classname="Elixir.Smoodle.Scheduler.PollTest" name="test with valid weekday_ranks poll is valid " time="0.0003"/><testcase classname="Elixir.Smoodle.Scheduler.PollTest" name="test with bogus date ranks the poll is invalid" time="0.0002"/><testcase classname="Elixir.Smoodle.Scheduler.PollTest" name="test with invalid weekday_ranks poll is invalid with bogus weekday ranks data" time="0.0003"/><testcase classname="Elixir.Smoodle.Scheduler.PollTest" name="test with more overlapping date ranks the poll is still invalid" time="0.0005"/><testcase classname="Elixir.Smoodle.Scheduler.PollTest" name="test with invalid weekday_ranks poll is invalid with invalid rank" time="0.0004"/><testcase classname="Elixir.Smoodle.Scheduler.PollTest" name="test with invalid weekday_ranks poll is invalid with invalid day" time="0.0005"/><testcase classname="Elixir.Smoodle.Scheduler.PollTest" name="test with overlapping date ranks the poll is invalid" time="0.0009"/><testcase classname="Elixir.Smoodle.Scheduler.PollTest" name="test poll is invalid without a participant" time="0.0004"/></testsuite><testsuite errors="0" failures="0" name="Elixir.Smoodle.SchedulerTest" tests="48" time="1.5854"><properties><property name="date" value="2019-11-11T17:12:58.894121Z"/><property name="seed" value="821966"/></properties><testcase classname="Elixir.Smoodle.SchedulerTest" name="test when computing the best schedule get_best_schedule returned cached results if these are present" time="0.0624"/><testcase classname="Elixir.Smoodle.SchedulerTest" name="test when retrieving polls get_poll!/2 fetches a poll" time="0.0436"/><testcase classname="Elixir.Smoodle.SchedulerTest" name="test when retrieving events get_event!/2 does not returns the event if the secret is wrong" time="0.0184"/><testcase classname="Elixir.Smoodle.SchedulerTest" name="test when creating a poll create_poll/3 with invalid data for dry run returns changeset with errors" time="0.0236"/><testcase classname="Elixir.Smoodle.SchedulerTest" name="test when updating events update_event/2 with valid data invalidates the cache best_schedule" time="0.0182"/><testcase classname="Elixir.Smoodle.SchedulerTest" name="test when computing the best schedule with no polls get_best_schedule returns an empty list" time="0.0112"/><testcase classname="Elixir.Smoodle.SchedulerTest" name="test when creating a poll create_poll/3 valid data for dry run does not create poll" time="0.0297"/><testcase classname="Elixir.Smoodle.SchedulerTest" name="test when retrieving events get_event!/1 returns the event with given id" time="0.0210"/><testcase classname="Elixir.Smoodle.SchedulerTest" name="test when computing the best schedule get_best_schedule returns the number of participants" time="0.0495"/><testcase classname="Elixir.Smoodle.SchedulerTest" name="test when creating a poll create_poll/3 poll with date ranks" time="0.0313"/><testcase classname="Elixir.Smoodle.SchedulerTest" name="test when updating events update_event/2 with valid data updates the event" time="0.0201"/><testcase classname="Elixir.Smoodle.SchedulerTest" name="test when deleting an event delete_event/1 deletes the event" time="0.0180"/><testcase classname="Elixir.Smoodle.SchedulerTest" name="test when creating a poll create_poll/3 with the same event and participant as another one" time="0.0388"/><testcase classname="Elixir.Smoodle.SchedulerTest" name="test when updating a poll update_poll/3 valid data for dry run does not update the poll and returns valid changeset" time="0.0249"/><testcase classname="Elixir.Smoodle.SchedulerTest" name="test when updating events update_event/3 with invalid data for validation returns invalid changeset" time="0.0192"/><testcase classname="Elixir.Smoodle.SchedulerTest" name="test when updating a poll update_poll/3 with invalid data for dry run does not update the poll and returns invalid changeset" time="0.0217"/><testcase classname="Elixir.Smoodle.SchedulerTest" name="test when creating an event create_event/1 with invalid data returns error changeset" time="0.0015"/><testcase classname="Elixir.Smoodle.SchedulerTest" name="test when updating events update_event/2 with invalid data returns error changeset" time="0.0221"/><testcase classname="Elixir.Smoodle.SchedulerTest" name="test when computing the best schedule get_best_schedule returns the best dates at the head of the list" time="0.0511"/><testcase classname="Elixir.Smoodle.SchedulerTest" name="test when creating a poll create_poll/3 invalidates the cached best_schedule" time="0.0405"/><testcase classname="Elixir.Smoodle.SchedulerTest" name="test when computing the best schedule get_best_schedule honors the weekday preferences" time="0.0601"/><testcase classname="Elixir.Smoodle.SchedulerTest" name="test when creating an event create_event/2 with invalid data for validation returns invalid changeset" time="0.0016"/><testcase classname="Elixir.Smoodle.SchedulerTest" name="test when updating events update_event/2 with valid data cannot update the token" time="0.0217"/><testcase classname="Elixir.Smoodle.SchedulerTest" name="test when updating a poll update_poll/3 invalidates the cached best_schedule" time="0.0270"/><testcase classname="Elixir.Smoodle.SchedulerTest" name="test when retrieving events get_event!/2 returns the event with given id and secret" time="0.0212"/><testcase classname="Elixir.Smoodle.SchedulerTest" name="test when computing the best schedule the result of get_best_schedule is cached" time="0.0579"/><testcase classname="Elixir.Smoodle.SchedulerTest" name="test when updating a poll update_poll/3 with weekday_ranks" time="0.0264"/><testcase classname="Elixir.Smoodle.SchedulerTest" name="test when updating a poll update_poll/3 with date ranks" time="0.0375"/><testcase classname="Elixir.Smoodle.SchedulerTest" name="test when updating events update_event/3 with valid data for validation does not update an event" time="0.0220"/><testcase classname="Elixir.Smoodle.SchedulerTest" name="test when retrieving polls get_poll!/1 fetches a poll" time="0.0319"/><testcase classname="Elixir.Smoodle.SchedulerTest" name="test when creating a poll create_poll/3 with weekday ranks" time="0.0259"/><testcase classname="Elixir.Smoodle.SchedulerTest" name="test when computing the best schedule get_best_schedule called from owner and then from non-owner does not include participant names" time="0.0497"/><testcase classname="Elixir.Smoodle.SchedulerTest" name="test when creating a poll create_poll/3 valid data" time="0.0278"/><testcase classname="Elixir.Smoodle.SchedulerTest" name="test when retrieving events list_events/0 returns all events" time="0.0230"/><testcase classname="Elixir.Smoodle.SchedulerTest" name="test when updating events update_event/2 with valid data cannot update the id" time="0.0224"/><testcase classname="Elixir.Smoodle.SchedulerTest" name="test when creating an event create_event/2 with valid data for validation does not create an event" time="0.0048"/><testcase classname="Elixir.Smoodle.SchedulerTest" name="test when updating a poll update_poll/3 with basic information" time="0.0258"/><testcase classname="Elixir.Smoodle.SchedulerTest" name="test when computing the best schedule get_best_schedule returns a shortened list when a limit is passed" time="0.0454"/><testcase classname="Elixir.Smoodle.SchedulerTest" name="test when computing the best schedule get_best_schedule correctly computed the date domain for the event" time="0.0580"/><testcase classname="Elixir.Smoodle.SchedulerTest" name="test when retrieving polls list_polls/1 fetches all polls for an event" time="0.0427"/><testcase classname="Elixir.Smoodle.SchedulerTest" name="test when computing the best schedule get_best_schedule called from owner does include participant names" time="0.0762"/><testcase classname="Elixir.Smoodle.SchedulerTest" name="test when creating a poll create_poll/3 with invalid data returns changeset with errors" time="0.0316"/><testcase classname="Elixir.Smoodle.SchedulerTest" name="test when deleting a poll delete_poll/3 invalidates the cached best_schedule" time="0.0372"/><testcase classname="Elixir.Smoodle.SchedulerTest" name="test when deleting a poll delete_poll/3 works" time="0.0455"/><testcase classname="Elixir.Smoodle.SchedulerTest" name="test when computing the best schedule get_best_schedule called from non-owner does not include participant names" time="0.0638"/><testcase classname="Elixir.Smoodle.SchedulerTest" name="test when creating an event create_event/1 with valid data creates an event" time="0.0217"/><testcase classname="Elixir.Smoodle.SchedulerTest" name="test when retrieving polls get_poll!/2 does not fetch a poll if the participant is wrong" time="0.0405"/><testcase classname="Elixir.Smoodle.SchedulerTest" name="test when updating a poll update_poll/3 with invalid data returns changeset with errors" time="0.0695"/></testsuite><testsuite errors="0" failures="0" name="Elixir.SmoodleWeb.ErrorViewTest" tests="6" time="0.0436"><properties><property name="date" value="2019-11-11T17:12:58.894121Z"/><property name="seed" value="821966"/></properties><testcase classname="Elixir.SmoodleWeb.ErrorViewTest" name="test renders &lt;STATUS>.json with known status" time="0.0021"/><testcase classname="Elixir.SmoodleWeb.ErrorViewTest" name="test render &lt;STATUS>.json with bogus status" time="0.0028"/><testcase classname="Elixir.SmoodleWeb.ErrorViewTest" name="test renders &lt;STATUS>.html with bogus status" time="0.0035"/><testcase classname="Elixir.SmoodleWeb.ErrorViewTest" name="test renders 500.html" time="0.0049"/><testcase classname="Elixir.SmoodleWeb.ErrorViewTest" name="test renders &lt;STATUS>.html with known status" time="0.0108"/><testcase classname="Elixir.SmoodleWeb.ErrorViewTest" name="test renders 404.html" time="0.0193"/></testsuite><testsuite errors="0" failures="0" name="Elixir.SmoodleWeb.EventControllerTest" tests="23" time="0.4732"><properties><property name="date" value="2019-11-11T17:12:58.894121Z"/><property name="seed" value="821966"/></properties><testcase classname="Elixir.SmoodleWeb.EventControllerTest" name="test get_schedule with closed event returns an empty schedule" time="0.0157"/><testcase classname="Elixir.SmoodleWeb.EventControllerTest" name="test get_schedule with closed event returns an empty schedule event with the right secret" time="0.0120"/><testcase classname="Elixir.SmoodleWeb.EventControllerTest" name="test delete event deletes chosen event" time="0.0148"/><testcase classname="Elixir.SmoodleWeb.EventControllerTest" name="test show returns 404 if called with the wrong secret" time="0.0107"/><testcase classname="Elixir.SmoodleWeb.EventControllerTest" name="test show fetches the event when called with the right secret" time="0.0111"/><testcase classname="Elixir.SmoodleWeb.EventControllerTest" name="test create event if too many emails were sent, no email is sent and event creation is rolled back" time="0.1406"/><testcase classname="Elixir.SmoodleWeb.EventControllerTest" name="test create event renders errors when data is invalid" time="0.0071"/><testcase classname="Elixir.SmoodleWeb.EventControllerTest" name="test update event renders errors when secret is wrong" time="0.0097"/><testcase classname="Elixir.SmoodleWeb.EventControllerTest" name="test update event returns empty ok response when validating valid data" time="0.0154"/><testcase classname="Elixir.SmoodleWeb.EventControllerTest" name="test create event renders event when data is valid" time="0.0101"/><testcase classname="Elixir.SmoodleWeb.EventControllerTest" name="test get_schedule does not break if called with bogus limit" time="0.0165"/><testcase classname="Elixir.SmoodleWeb.EventControllerTest" name="test create event after creating an event an email is sent to the organizer with a private link" time="0.0163"/><testcase classname="Elixir.SmoodleWeb.EventControllerTest" name="test create event renders errors when validating invalid data" time="0.0021"/><testcase classname="Elixir.SmoodleWeb.EventControllerTest" name="test index lists all events" time="0.0244"/><testcase classname="Elixir.SmoodleWeb.EventControllerTest" name="test get_schedule returns 404 if called with wrong secret" time="0.0128"/><testcase classname="Elixir.SmoodleWeb.EventControllerTest" name="test show fetches the event without secret" time="0.0176"/><testcase classname="Elixir.SmoodleWeb.EventControllerTest" name="test get_schedule returns the best schedule if called with the right secret" time="0.0210"/><testcase classname="Elixir.SmoodleWeb.EventControllerTest" name="test update event renders errors when validating invalid data" time="0.0150"/><testcase classname="Elixir.SmoodleWeb.EventControllerTest" name="test get_schedule returns the best schedule" time="0.0179"/><testcase classname="Elixir.SmoodleWeb.EventControllerTest" name="test update event renders errors when data is invalid" time="0.0171"/><testcase classname="Elixir.SmoodleWeb.EventControllerTest" name="test update event renders event when data is valid" time="0.0406"/><testcase classname="Elixir.SmoodleWeb.EventControllerTest" name="test delete event does not delete and render error if secret is wrong" time="0.0140"/><testcase classname="Elixir.SmoodleWeb.EventControllerTest" name="test create event returns empty ok response when validating valid data" time="0.0109"/></testsuite><testsuite errors="0" failures="0" name="Elixir.SmoodleWeb.PageControllerTest" tests="1" time="0.0058"><properties><property name="date" value="2019-11-11T17:12:58.894121Z"/><property name="seed" value="821966"/></properties><testcase classname="Elixir.SmoodleWeb.PageControllerTest" name="test serves the webapp index.html" time="0.0058"/></testsuite><testsuite errors="0" failures="0" name="Elixir.SmoodleWeb.PollControllerTest" tests="18" time="0.7429"><properties><property name="date" value="2019-11-11T17:12:58.894121Z"/><property name="seed" value="821966"/></properties><testcase classname="Elixir.SmoodleWeb.PollControllerTest" name="test update for dry_run, attempt to update a poll with invalid parameters renders errors" time="0.0350"/><testcase classname="Elixir.SmoodleWeb.PollControllerTest" name="test delete polls can be deleted" time="0.0330"/><testcase classname="Elixir.SmoodleWeb.PollControllerTest" name="test update poll can be updated when parameters are valid" time="0.0614"/><testcase classname="Elixir.SmoodleWeb.PollControllerTest" name="test index fetches a poll by participant" time="0.0370"/><testcase classname="Elixir.SmoodleWeb.PollControllerTest" name="test index fetches all polls for event if owner token is passed" time="0.0422"/><testcase classname="Elixir.SmoodleWeb.PollControllerTest" name="test create attemp to create a poll with invalid parameters renders errors" time="0.0128"/><testcase classname="Elixir.SmoodleWeb.PollControllerTest" name="test create for dry run, poll creation successful with valid parameters but no poll is created" time="0.0250"/><testcase classname="Elixir.SmoodleWeb.PollControllerTest" name="test update attempt to update a poll with invalid parameters renders errors" time="0.0422"/><testcase classname="Elixir.SmoodleWeb.PollControllerTest" name="test index does not fetch any polls for event if owner token is wrong" time="0.0371"/><testcase classname="Elixir.SmoodleWeb.PollControllerTest" name="test show fetches a poll via its id" time="0.0398"/><testcase classname="Elixir.SmoodleWeb.PollControllerTest" name="test update weekday ranks can be deleted when passing an empty map as preferences" time="0.0544"/><testcase classname="Elixir.SmoodleWeb.PollControllerTest" name="test update weekday ranks can be deleted when passing an empty array" time="0.0522"/><testcase classname="Elixir.SmoodleWeb.PollControllerTest" name="test create for dry run, poll creation fails with invalid parameters" time="0.0258"/><testcase classname="Elixir.SmoodleWeb.PollControllerTest" name="test update date ranks can be deleted when passing an empty array" time="0.0747"/><testcase classname="Elixir.SmoodleWeb.PollControllerTest" name="test create can create a poll with valid parameters" time="0.0246"/><testcase classname="Elixir.SmoodleWeb.PollControllerTest" name="test show fetching a poll via its id does not leak event owner token" time="0.0424"/><testcase classname="Elixir.SmoodleWeb.PollControllerTest" name="test update for dry_run, poll update with valid parameters does not update" time="0.0537"/><testcase classname="Elixir.SmoodleWeb.PollControllerTest" name="test index does not fetch any polls for event if participant is wrong" time="0.0495"/></testsuite><testsuite errors="0" failures="0" name="Elixir.UtilsTest" tests="20" time="0.0003"><properties><property name="date" value="2019-11-11T17:12:58.894121Z"/><property name="seed" value="821966"/></properties><testcase classname="Elixir.UtilsTest" name="doctest Smoodle.Scheduler.Utils.validate_window_consistent/4 (19)" time="0.0000"/><testcase classname="Elixir.UtilsTest" name="doctest Smoodle.Scheduler.Utils.validate_window_consistent/4 (20)" time="0.0000"/><testcase classname="Elixir.UtilsTest" name="doctest Smoodle.Scheduler.Utils.validate_no_overlapping_dates/2 (13)" time="0.0000"/><testcase classname="Elixir.UtilsTest" name="doctest Smoodle.Scheduler.Utils.trim_text_changes/2 (5)" time="0.0000"/><testcase classname="Elixir.UtilsTest" name="doctest Smoodle.Scheduler.Utils.date_lte/2 (3)" time="0.0000"/><testcase classname="Elixir.UtilsTest" name="doctest Smoodle.Scheduler.Utils.validate_no_overlapping_dates/2 (10)" time="0.0000"/><testcase classname="Elixir.UtilsTest" name="doctest Smoodle.Scheduler.Utils.validate_no_overlapping_dates/2 (11)" time="0.0000"/><testcase classname="Elixir.UtilsTest" name="doctest Smoodle.Scheduler.Utils.date_lte/2 (2)" time="0.0000"/><testcase classname="Elixir.UtilsTest" name="doctest Smoodle.Scheduler.Utils.validate_window_consistent/4 (18)" time="0.0000"/><testcase classname="Elixir.UtilsTest" name="doctest Smoodle.Scheduler.Utils.date_lte/2 (4)" time="0.0000"/><testcase classname="Elixir.UtilsTest" name="doctest Smoodle.Scheduler.Utils.trim_text_changes/2 (7)" time="0.0000"/><testcase classname="Elixir.UtilsTest" name="doctest Smoodle.Scheduler.Utils.validate_no_weekday_duplicates/2 (16)" time="0.0000"/><testcase classname="Elixir.UtilsTest" name="doctest Smoodle.Scheduler.Utils.date_lte/2 (1)" time="0.0000"/><testcase classname="Elixir.UtilsTest" name="doctest Smoodle.Scheduler.Utils.validate_window_consistent/4 (17)" time="0.0000"/><testcase classname="Elixir.UtilsTest" name="doctest Smoodle.Scheduler.Utils.validate_no_overlapping_dates/2 (12)" time="0.0001"/><testcase classname="Elixir.UtilsTest" name="doctest Smoodle.Scheduler.Utils.validate_no_weekday_duplicates/2 (15)" time="0.0000"/><testcase classname="Elixir.UtilsTest" name="doctest Smoodle.Scheduler.Utils.validate_no_overlapping_dates/2 (9)" time="0.0000"/><testcase classname="Elixir.UtilsTest" name="doctest Smoodle.Scheduler.Utils.trim_text_changes/2 (8)" time="0.0000"/><testcase classname="Elixir.UtilsTest" name="doctest Smoodle.Scheduler.Utils.validate_no_overlapping_dates/2 (14)" time="0.0000"/><testcase classname="Elixir.UtilsTest" name="doctest Smoodle.Scheduler.Utils.trim_text_changes/2 (6)" time="0.0000"/></testsuite></testsuites>